<?xml version="1.0" encoding="UTF-8"?>
<testsuite name="Cucumber" time="9.955" tests="1" skipped="0" failures="1" errors="0">
<testcase classname="hooks_test" name="TC_01_" time="9.795">
<failure type="java.lang.AssertionError">
<![CDATA[java.lang.AssertionError
	at org.junit.Assert.fail(Assert.java:87)
	at org.junit.Assert.assertTrue(Assert.java:42)
	at org.junit.Assert.assertTrue(Assert.java:53)
	at stepdefinitions.LoginStepDefinitions.verify_the_next_page_url_contains_login_keyword(LoginStepDefinitions.java:46)
	at âœ½.verify the next page url contains login keyword(file:///C:/Users/akdem/IdeaProjects/my-cucumber-project/./src/test/resources/features/day27_failed_test_cases.feature:8)
]]>
</failure>
<system-out><![CDATA[
Given user is on "https://www.bluerentalcars.com/login" page................passed
And user enters customer_email and customer_password........................passed
Then verify the next page url contains login keyword........................failed
]]></system-out>
</testcase>
</testsuite>
